<?xml version="1.0" encoding="UTF-8"?>
<!-- Generated by org.testng.reporters.JUnitXMLReporter -->
<testsuite ignored="0" hostname="DESKTOP-7TMCQMA" failures="0" tests="4" name="Test" time="46.757" errors="0" timestamp="2021-05-28T21:22:37 EDT">
  <testcase classname="com.DollarDays.TestCases.LoginTC_DD07" name="LoginTest" time="7.087"/>
  <testcase classname="com.DollarDays.TestCases.WishListIconTC_002" name="WishListTC_001" time="1.281"/>
  <testcase classname="com.DollarDays.TestCases.WishListIconTC_002" name="WishListTC_002" time="1.799"/>
  <testcase classname="com.DollarDays.TestCases.TC_PopUp_002" name="PopUptest" time="8.818"/>
</testsuite> <!-- Test -->
