<?xml version="1.0" encoding="UTF-8"?>
<!-- Generated by org.testng.reporters.JUnitXMLReporter -->
<testsuite ignored="0" hostname="DESKTOP-7TMCQMA" failures="0" tests="4" name="Test" time="99.798" errors="0" timestamp="2021-05-31T22:00:14 EDT">
  <testcase classname="com.DollarDays.TestCases.LoginTC_DD07" name="LoginTest" time="11.078"/>
  <testcase classname="com.DollarDays.TestCases.WishListIconTC_002" name="WishListTC_001" time="3.15"/>
  <testcase classname="com.DollarDays.TestCases.WishListIconTC_002" name="WishListTC_002" time="4.295"/>
  <testcase classname="com.DollarDays.TestCases.TC_PopUp_002" name="PopUptest" time="29.518"/>
</testsuite> <!-- Test -->
