<?xml version="1.0" encoding="UTF-8"?>
<testng-results ignored="0" total="4" passed="4" failed="0" skipped="0">
  <reporter-output>
  </reporter-output>
  <suite started-at="2021-05-31T21:58:34 EDT" name="Suite" finished-at="2021-05-31T22:00:14 EDT" duration-ms="99798">
    <groups>
    </groups>
    <test started-at="2021-05-31T21:58:34 EDT" name="Test" finished-at="2021-05-31T22:00:14 EDT" duration-ms="99798">
      <class name="com.DollarDays.TestCases.TC_PopUp_002">
        <test-method is-config="true" signature="setup(java.lang.String)[pri:0, instance:com.DollarDays.TestCases.TC_PopUp_002@163e4e87]" started-at="2021-05-31T21:59:34 EDT" name="setup" finished-at="2021-05-31T21:59:44 EDT" duration-ms="10192" status="PASS">
          <params>
            <param index="0">
              <value>
                <![CDATA[chrome]]>
              </value>
            </param>
          </params>
          <reporter-output>
          </reporter-output>
        </test-method> <!-- setup -->
        <test-method signature="PopUptest()[pri:0, instance:com.DollarDays.TestCases.TC_PopUp_002@163e4e87]" started-at="2021-05-31T21:59:44 EDT" name="PopUptest" finished-at="2021-05-31T22:00:13 EDT" duration-ms="29518" status="PASS">
          <reporter-output>
          </reporter-output>
        </test-method> <!-- PopUptest -->
        <test-method is-config="true" signature="tearDown()[pri:0, instance:com.DollarDays.TestCases.TC_PopUp_002@163e4e87]" started-at="2021-05-31T22:00:13 EDT" name="tearDown" finished-at="2021-05-31T22:00:14 EDT" duration-ms="798" status="PASS">
          <reporter-output>
          </reporter-output>
        </test-method> <!-- tearDown -->
      </class> <!-- com.DollarDays.TestCases.TC_PopUp_002 -->
      <class name="com.DollarDays.TestCases.WishListIconTC_002">
        <test-method is-config="true" signature="setup(java.lang.String)[pri:0, instance:com.DollarDays.TestCases.WishListIconTC_002@2bbf180e]" started-at="2021-05-31T21:59:06 EDT" name="setup" finished-at="2021-05-31T21:59:14 EDT" duration-ms="7810" status="PASS">
          <params>
            <param index="0">
              <value>
                <![CDATA[chrome]]>
              </value>
            </param>
          </params>
          <reporter-output>
          </reporter-output>
        </test-method> <!-- setup -->
        <test-method signature="WishListTC_001()[pri:0, instance:com.DollarDays.TestCases.WishListIconTC_002@2bbf180e]" started-at="2021-05-31T21:59:14 EDT" name="WishListTC_001" finished-at="2021-05-31T21:59:17 EDT" duration-ms="3150" status="PASS">
          <reporter-output>
          </reporter-output>
        </test-method> <!-- WishListTC_001 -->
        <test-method is-config="true" signature="tearDown()[pri:0, instance:com.DollarDays.TestCases.WishListIconTC_002@2bbf180e]" started-at="2021-05-31T21:59:17 EDT" name="tearDown" finished-at="2021-05-31T21:59:18 EDT" duration-ms="615" status="PASS">
          <reporter-output>
          </reporter-output>
        </test-method> <!-- tearDown -->
        <test-method is-config="true" signature="setup(java.lang.String)[pri:0, instance:com.DollarDays.TestCases.WishListIconTC_002@2bbf180e]" started-at="2021-05-31T21:59:18 EDT" name="setup" finished-at="2021-05-31T21:59:27 EDT" duration-ms="9711" status="PASS">
          <params>
            <param index="0">
              <value>
                <![CDATA[chrome]]>
              </value>
            </param>
          </params>
          <reporter-output>
          </reporter-output>
        </test-method> <!-- setup -->
        <test-method signature="WishListTC_002()[pri:1, instance:com.DollarDays.TestCases.WishListIconTC_002@2bbf180e]" started-at="2021-05-31T21:59:27 EDT" name="WishListTC_002" finished-at="2021-05-31T21:59:32 EDT" duration-ms="4295" status="PASS">
          <reporter-output>
          </reporter-output>
        </test-method> <!-- WishListTC_002 -->
        <test-method is-config="true" signature="tearDown()[pri:0, instance:com.DollarDays.TestCases.WishListIconTC_002@2bbf180e]" started-at="2021-05-31T21:59:32 EDT" name="tearDown" finished-at="2021-05-31T21:59:34 EDT" duration-ms="2076" status="PASS">
          <reporter-output>
          </reporter-output>
        </test-method> <!-- tearDown -->
      </class> <!-- com.DollarDays.TestCases.WishListIconTC_002 -->
      <class name="com.DollarDays.TestCases.LoginTC_DD07">
        <test-method is-config="true" signature="setup(java.lang.String)[pri:0, instance:com.DollarDays.TestCases.LoginTC_DD07@d4342c2]" started-at="2021-05-31T21:58:35 EDT" name="setup" finished-at="2021-05-31T21:58:50 EDT" duration-ms="14983" status="PASS">
          <params>
            <param index="0">
              <value>
                <![CDATA[chrome]]>
              </value>
            </param>
          </params>
          <reporter-output>
          </reporter-output>
        </test-method> <!-- setup -->
        <test-method signature="LoginTest()[pri:0, instance:com.DollarDays.TestCases.LoginTC_DD07@d4342c2]" started-at="2021-05-31T21:58:50 EDT" name="LoginTest" finished-at="2021-05-31T21:59:01 EDT" duration-ms="11078" status="PASS">
          <reporter-output>
          </reporter-output>
        </test-method> <!-- LoginTest -->
        <test-method is-config="true" signature="tearDown()[pri:0, instance:com.DollarDays.TestCases.LoginTC_DD07@d4342c2]" started-at="2021-05-31T21:59:01 EDT" name="tearDown" finished-at="2021-05-31T21:59:06 EDT" duration-ms="4672" status="PASS">
          <reporter-output>
          </reporter-output>
        </test-method> <!-- tearDown -->
      </class> <!-- com.DollarDays.TestCases.LoginTC_DD07 -->
    </test> <!-- Test -->
  </suite> <!-- Suite -->
</testng-results>
