<?xml version="1.0" encoding="UTF-8"?>
<testsuite xmlns:xsi="http://www.w3.org/2001/XMLSchema-instance" xsi:noNamespaceSchemaLocation="https://maven.apache.org/surefire/maven-surefire-plugin/xsd/surefire-test-report.xsd" name="TestSuite" time="102.27" tests="4" errors="0" skipped="0" failures="0">
  <properties>
[...]
</properties>
  <testcase name="LoginTest" classname="com.DollarDays.TestCases.LoginTC_DD07" time="11.114"/>
  <testcase name="WishListTC_001" classname="com.DollarDays.TestCases.WishListIconTC_002" time="3.151"/>
  <testcase name="WishListTC_002" classname="com.DollarDays.TestCases.WishListIconTC_002" time="4.293"/>
  <testcase name="PopUptest" classname="com.DollarDays.TestCases.TC_PopUp_002" time="29.523"/>
</testsuite>